<?xml version="1.0" encoding="UTF-8"?>
<testsuite name="com.rockhard.blocker.world.sim.DeterminismTest" tests="2" skipped="0" failures="0" errors="0" timestamp="2026-09-24T11:43:43" hostname="codespaces-283ca1" time="0.371">
  <properties/>
  <testcase name="mapIsIdenticalOnEveryPlatform[jvm]" classname="com.rockhard.blocker.world.sim.DeterminismTest" time="0.185"/>
  <testcase name="scriptedWalkIsIdenticalOnEveryPlatform[jvm]" classname="com.rockhard.blocker.world.sim.DeterminismTest" time="0.184"/>
  <system-out><![CDATA[]]></system-out>
  <system-err><![CDATA[]]></system-err>
</testsuite>
